<?xml version="1.0" encoding="UTF-8"?>
<testng-results ignored="0" total="1" passed="1" failed="0" skipped="0">
  <reporter-output>
    <line>
      <![CDATA[---Data base connection Estabilishes---]]>
    </line>
    <line>
      <![CDATA[Browser got launch]]>
    </line>
    <line>
      <![CDATA[navigated to login page]]>
    </line>
    <line>
      <![CDATA[GET IN TOUCH]]>
    </line>
    <line>
      <![CDATA[Browser close sucsessfully]]>
    </line>
    <line>
      <![CDATA[--database conectivity finish--]]>
    </line>
  </reporter-output>
  <suite started-at="2025-08-08T19:29:53 IST" name="Default suite" finished-at="2025-08-08T19:30:17 IST" duration-ms="23670">
    <groups>
    </groups>
    <test started-at="2025-08-08T19:29:53 IST" name="Default test" finished-at="2025-08-08T19:30:17 IST" duration-ms="23670">
      <class name="ContactUsForm.ToCreateContactUsFormTest">
        <test-method is-config="true" signature="beforeSuiteConfig()[pri:0, instance:ContactUsForm.ToCreateContactUsFormTest@6ad82709]" started-at="2025-08-08T19:29:53 IST" name="beforeSuiteConfig" finished-at="2025-08-08T19:29:53 IST" duration-ms="11" status="PASS">
          <reporter-output>
            <line>
              <![CDATA[---Data base connection Estabilishes---]]>
            </line>
          </reporter-output>
        </test-method> <!-- beforeSuiteConfig -->
        <test-method is-config="true" signature="beforeClassConfig()[pri:0, instance:ContactUsForm.ToCreateContactUsFormTest@6ad82709]" started-at="2025-08-08T19:29:53 IST" name="beforeClassConfig" finished-at="2025-08-08T19:29:59 IST" duration-ms="6008" status="PASS">
          <reporter-output>
            <line>
              <![CDATA[Browser got launch]]>
            </line>
            <line>
              <![CDATA[navigated to login page]]>
            </line>
          </reporter-output>
        </test-method> <!-- beforeClassConfig -->
        <test-method signature="createcontactt()[pri:0, instance:ContactUsForm.ToCreateContactUsFormTest@6ad82709]" started-at="2025-08-08T19:29:59 IST" name="createcontactt" finished-at="2025-08-08T19:30:16 IST" duration-ms="17259" status="PASS">
          <reporter-output>
            <line>
              <![CDATA[GET IN TOUCH]]>
            </line>
          </reporter-output>
        </test-method> <!-- createcontactt -->
        <test-method is-config="true" signature="Afterclassconfig()[pri:0, instance:ContactUsForm.ToCreateContactUsFormTest@6ad82709]" started-at="2025-08-08T19:30:16 IST" name="Afterclassconfig" finished-at="2025-08-08T19:30:17 IST" duration-ms="337" status="PASS">
          <reporter-output>
            <line>
              <![CDATA[Browser close sucsessfully]]>
            </line>
          </reporter-output>
        </test-method> <!-- Afterclassconfig -->
        <test-method is-config="true" signature="AftersuitConfig()[pri:0, instance:ContactUsForm.ToCreateContactUsFormTest@6ad82709]" started-at="2025-08-08T19:30:17 IST" name="AftersuitConfig" finished-at="2025-08-08T19:30:17 IST" duration-ms="0" status="PASS">
          <reporter-output>
            <line>
              <![CDATA[--database conectivity finish--]]>
            </line>
          </reporter-output>
        </test-method> <!-- AftersuitConfig -->
      </class> <!-- ContactUsForm.ToCreateContactUsFormTest -->
    </test> <!-- Default test -->
  </suite> <!-- Default suite -->
</testng-results>
