<?xml version="1.0" encoding="UTF-8"?>
<testng-results ignored="0" total="1" passed="1" failed="0" skipped="0">
  <reporter-output>
    <line>
      <![CDATA[---Data base connection Estabilishes---]]>
    </line>
    <line>
      <![CDATA[Browser got launch]]>
    </line>
    <line>
      <![CDATA[navigated to login page]]>
    </line>
    <line>
      <![CDATA[sucsessfully click on signup link]]>
    </line>
    <line>
      <![CDATA[Click on submit button sucsess]]>
    </line>
    <line>
      <![CDATA[Signup completed]]>
    </line>
    <line>
      <![CDATA[ACCOUNT CREATED!]]>
    </line>
  </reporter-output>
  <suite started-at="2025-08-07T23:27:16 IST" name="Default suite" finished-at="2025-08-07T23:27:41 IST" duration-ms="24136">
    <groups>
    </groups>
    <test started-at="2025-08-07T23:27:16 IST" name="Default test" finished-at="2025-08-07T23:27:41 IST" duration-ms="24136">
      <class name="AutomationexersisePageTest.SignupTest">
        <test-method is-config="true" signature="beforeSuiteConfig()[pri:0, instance:AutomationexersisePageTest.SignupTest@510f3d34]" started-at="2025-08-07T23:27:16 IST" name="beforeSuiteConfig" finished-at="2025-08-07T23:27:16 IST" duration-ms="13" status="PASS">
          <reporter-output>
            <line>
              <![CDATA[---Data base connection Estabilishes---]]>
            </line>
          </reporter-output>
        </test-method> <!-- beforeSuiteConfig -->
        <test-method is-config="true" signature="beforeClassConfig()[pri:0, instance:AutomationexersisePageTest.SignupTest@510f3d34]" started-at="2025-08-07T23:27:17 IST" name="beforeClassConfig" finished-at="2025-08-07T23:27:24 IST" duration-ms="7584" status="PASS">
          <reporter-output>
            <line>
              <![CDATA[Browser got launch]]>
            </line>
            <line>
              <![CDATA[navigated to login page]]>
            </line>
          </reporter-output>
        </test-method> <!-- beforeClassConfig -->
        <test-method signature="TotestSignup()[pri:0, instance:AutomationexersisePageTest.SignupTest@510f3d34]" started-at="2025-08-07T23:27:24 IST" name="TotestSignup" finished-at="2025-08-07T23:27:41 IST" duration-ms="16479" status="PASS">
          <reporter-output>
            <line>
              <![CDATA[sucsessfully click on signup link]]>
            </line>
            <line>
              <![CDATA[Click on submit button sucsess]]>
            </line>
            <line>
              <![CDATA[Signup completed]]>
            </line>
            <line>
              <![CDATA[ACCOUNT CREATED!]]>
            </line>
          </reporter-output>
        </test-method> <!-- TotestSignup -->
      </class> <!-- AutomationexersisePageTest.SignupTest -->
    </test> <!-- Default test -->
  </suite> <!-- Default suite -->
</testng-results>
